make: Entering directory '/scratch/gzampino/KTH_Nek5000v19b/Nek5000/tools/genmap'
/usr/bin/gfortran -c -O2 -DMAXNEL=150000 -std=legacy -cpp -mcmodel=medium -fdefault-real-8 -fdefault-double-8 genmap.f
genmap.f:1144:18:

 1143 |       do k=2,n
      |                                                                        2
 1144 |          next = a(k)
      |                  1
Warning: Array reference at (1) out of bounds (2 > 1) in loop beginning at (2)
genmap.f:1146:11:

 1143 |       do k=2,n
      |                                                                        2
......
 1146 |          a(k) = rank
      |           1
Warning: Array reference at (1) out of bounds (2 > 1) in loop beginning at (2)
genmap.f:3716:19:

 3714 |       do e=1,nel
      |                                                                        2
 3715 |          j0 = ic2c(e)
 3716 |          j1 = ic2c(e+1)-1
      |                   1
Warning: Array reference at (1) out of bounds (2 > 1) in loop beginning at (2)
genmap.f:2857:17:

 2856 |       do i=2,n
      |                                                                        2
 2857 |          s = s+x(i)*y(i)
      |                 1
Warning: Array reference at (1) out of bounds (2 > 1) in loop beginning at (2)
genmap.f:2857:22:

 2856 |       do i=2,n
      |                                                                        2
 2857 |          s = s+x(i)*y(i)
      |                      1
Warning: Array reference at (1) out of bounds (2 > 1) in loop beginning at (2)
genmap.f:1688:28:

 1687 |             call byte_write(hdr,132/4,ierr)
      |                            2
 1688 |             call byte_write(test,1,ierr) ! write the endian discriminator
      |                            1
Warning: Type mismatch between actual argument at (1) and actual argument at (2) (REAL(4)/CHARACTER(*)).
genmap.f:1198:72:

 1198 |      $        (n1,n2,pmap(j0),order,mo,elist(j0),n,cell,nv,p,w1,w2,w3)
      |                                                                        1
Warning: Type mismatch in argument ‘p’ at (1); passed INTEGER(4) to REAL(8)
genmap.f:1415:72:

 1415 |       call icadd(pmap,p,nel)
      |                                                                        1
Warning: Type mismatch in argument ‘c’ at (1); passed REAL(8) to INTEGER(4)
genmap.f:3952:46:

 3952 |      $                     ,nel,d,u,r,p2,w,rr,ev,m,ndim)
      |                                              1
Warning: Rank mismatch in argument ‘ev’ at (1) (scalar and rank-1)
genmap.f:2531:72:

 2531 |          call sbisect (pmap,f,p2,w,n)
      |                                                                        1
Warning: Type mismatch in argument ‘p’ at (1); passed REAL(8) to INTEGER(4)
genmap.f:2550:30:

 2550 |          call lanczos2(f,rr,n,ev,d,u,niter)
      |                              1
Warning: Rank mismatch in argument ‘ev’ at (1) (rank-2 and scalar)
genmap.f:2555:72:

 2555 |       call sbisect (pmap,f,p2,w,n)
      |                                                                        1
Warning: Type mismatch in argument ‘p’ at (1); passed REAL(8) to INTEGER(4)
genmap.f:2625:21:

 2625 |          call ax(w,p,ia,ja,va,n)
      |                     1
Warning: Actual argument contains too few elements for dummy argument ‘ia’ (1/2) at (1)
genmap.f:248:16:

  248 |      $         ('Error reading ncurve in makemesh ',ierr)
      |                1
Warning: Character length of actual argument shorter than of dummy argument ‘name’ (33/40) at (1)
genmap.f:250:29:

  244 |            call byte_read(rcurve,2,ierr)
      |                          2   
......
  250 |               call byte_read(buf,16,ierr)
      |                             1
Warning: Type mismatch between actual argument at (1) and actual argument at (2) (INTEGER(4)/REAL(8)).
genmap.f:252:16:

  252 |      $         ('Error reading curve data in makemesh ',ierr)
      |                1
Warning: Character length of actual argument shorter than of dummy argument ‘name’ (37/40) at (1)
genmap.f:258:16:

  258 |      $         ('Error reading ncurve in makemesh ',ierr)
      |                1
Warning: Character length of actual argument shorter than of dummy argument ‘name’ (33/40) at (1)
genmap.f:262:16:

  262 |      $         ('Error reading curve data in makemesh ',ierr)
      |                1
Warning: Character length of actual argument shorter than of dummy argument ‘name’ (37/40) at (1)
genmap.f:279:24:

  279 |          call rd_bc_bin(cbc,bc,nelv,nelt,ifbswap)
      |                        1
Warning: Actual argument contains too few elements for dummy argument ‘cbc’ (18/180000000) at (1)
genmap.f:283:14:

  283 |      $       ('Error closing file in makemesh ',ierr)
      |              1
Warning: Character length of actual argument shorter than of dummy argument ‘name’ (31/40) at (1)
genmap.f:303:72:

  303 |       call unique_vertex2(cell,dx,ndim,nelt,q,i_n,j_n,j_o,wk)
      |                                                                        1
Warning: Type mismatch in argument ‘ifseg’ at (1); passed INTEGER(4) to LOGICAL(4)
genmap.f:2932:53:

 2932 |             call tuple_sort(dx(0,i),lda,ninseg(iseg),j1,1,ind,dxt) !key=j1
      |                                                     1
Warning: Rank mismatch in argument ‘key’ at (1) (rank-1 and scalar)
genmap.f:505:24:

  505 |       call cscan(string,'BOUNDARY',8) ! for now, fluid only
      |                        1
Warning: Character length of actual argument shorter than of dummy argument ‘key’ (8/80) at (1)
genmap.f:516:26:

  516 |          if (indx1(string,'NO ',3).ne.0) then
      |                          1
Warning: Character length of actual argument shorter than of dummy argument ‘s2’ (3/80) at (1)
genmap.f:518:30:

  518 |             call cscan(string,'BOUNDARY',8) ! then, temp only
      |                              1
Warning: Character length of actual argument shorter than of dummy argument ‘key’ (8/80) at (1)
genmap.f:3127:47:

  245 |            if (ifbswap) call byte_reverse8(rcurve,2,ierr)
      |                                           2    
......
 3127 |                if (ifbswap) call byte_reverse8(buf,nwds-2,ierr) ! last is char
      |                                               1
Warning: Type mismatch between actual argument at (1) and actual argument at (2) (INTEGER(4)/REAL(8)).
genmap.f:3129:21:

 3129 |      &              ('Error reading byte bcs ',ierr)
      |                     1
Warning: Character length of actual argument shorter than of dummy argument ‘name’ (23/40) at (1)
genmap.f:3138:46:

  256 |            if (ifbswap) call byte_reverse(ncurve,1,ierr)
      |                                          2    
......
 3138 |                if (ifbswap) call byte_reverse(buf,nwds-1,ierr) ! last is char
      |                                              1
Warning: Rank mismatch between actual argument at (1) and actual argument at (2) (scalar and rank-1)
genmap.f:3140:21:

 3140 |      &              ('Error reading byte bcs ',ierr)
      |                     1
Warning: Character length of actual argument shorter than of dummy argument ‘name’ (23/40) at (1)
genmap.f:3163:21:

 3163 |          call copyi4(e,buf(1),1) !1-2
      |                     1
Warning: Rank mismatch in argument ‘a’ at (1) (rank-1 and scalar)
genmap.f:3164:21:

 3164 |          call copyi4(f,buf(3),1) !3-4
      |                     1
Warning: Rank mismatch in argument ‘a’ at (1) (rank-1 and scalar)
genmap.f:3165:72:

 3165 |          call copy  (bl(1,f,e),buf(5),5) !5--14
      |                                                                        1
Warning: Type mismatch in argument ‘y’ at (1); passed INTEGER(4) to REAL(8)
genmap.f:3166:72:

 3166 |          call chcopy(cbl( f,e),buf(15),3)!15-16
      |                                                                        1
Warning: Type mismatch in argument ‘y’ at (1); passed INTEGER(4) to CHARACTER(1)
genmap.f:3173:72:

 3173 |          call copy48r ( bl(1,f,e),buf(3),5)
      |                                                                        1
Warning: Type mismatch in argument ‘b’ at (1); passed INTEGER(4) to REAL(4)
genmap.f:3174:72:

 3174 |          call chcopy  (cbl(  f,e),buf(8),3)
      |                                                                        1
Warning: Type mismatch in argument ‘y’ at (1); passed INTEGER(4) to CHARACTER(1)
genmap.f:371:27:

  371 |          call cscan(string,'MESH DATA',9)
      |                           1
Warning: Character length of actual argument shorter than of dummy argument ‘key’ (9/80) at (1)
genmap.f:3203:29:

  256 |            if (ifbswap) call byte_reverse(ncurve,1,ierr)
      |                                          2
......
 3203 |           call byte_reverse (buf,nwds,ierr)
      |                             1
Warning: Rank mismatch between actual argument at (1) and actual argument at (2) (scalar and rank-1)
genmap.f:3207:10:

 3207 |      $   ('Error byte_reverse in buf_to_xy ',ierr)
      |          1
Warning: Character length of actual argument shorter than of dummy argument ‘name’ (32/40) at (1)
genmap.f:3210:21:

 3210 |          call copyi4(igroup,buf(0),1) !0-1
      |                     1
Warning: Rank mismatch in argument ‘a’ at (1) (rank-1 and scalar)
genmap.f:3212:72:

 3212 |             call copy  (xc,buf( 2),8) !2 --17
      |                                                                        1
Warning: Type mismatch in argument ‘y’ at (1); passed INTEGER(4) to REAL(8)
genmap.f:3213:72:

 3213 |             call copy  (yc,buf(18),8) !18--33
      |                                                                        1
Warning: Type mismatch in argument ‘y’ at (1); passed INTEGER(4) to REAL(8)
genmap.f:3214:72:

 3214 |             call copy  (zc,buf(34),8) !34--49
      |                                                                        1
Warning: Type mismatch in argument ‘y’ at (1); passed INTEGER(4) to REAL(8)
genmap.f:3216:72:

 3216 |             call copy  (xc,buf( 2),4) !2 --9
      |                                                                        1
Warning: Type mismatch in argument ‘y’ at (1); passed INTEGER(4) to REAL(8)
genmap.f:3217:72:

 3217 |             call copy  (yc,buf(10),4) !10--17
      |                                                                        1
Warning: Type mismatch in argument ‘y’ at (1); passed INTEGER(4) to REAL(8)
genmap.f:3222:72:

 3222 |             call copy4r(xc,buf( 1),8)
      |                                                                        1
Warning: Type mismatch in argument ‘b’ at (1); passed INTEGER(4) to REAL(4)
genmap.f:3223:72:

 3223 |             call copy4r(yc,buf( 9),8)
      |                                                                        1
Warning: Type mismatch in argument ‘b’ at (1); passed INTEGER(4) to REAL(4)
genmap.f:3224:72:

 3224 |             call copy4r(zc,buf(17),8)
      |                                                                        1
Warning: Type mismatch in argument ‘b’ at (1); passed INTEGER(4) to REAL(4)
genmap.f:3226:72:

 3226 |             call copy4r(xc,buf( 1),4)
      |                                                                        1
Warning: Type mismatch in argument ‘b’ at (1); passed INTEGER(4) to REAL(4)
genmap.f:3227:72:

 3227 |             call copy4r(yc,buf( 5),4)
      |                                                                        1
Warning: Type mismatch in argument ‘b’ at (1); passed INTEGER(4) to REAL(4)
genmap.f:3288:9:

 3288 |      $  ('Error opening file in open_bin_file ',ierr)
      |         1
Warning: Character length of actual argument shorter than of dummy argument ‘name’ (36/40) at (1)
genmap.f:3291:9:

 3291 |      $  ('Error reading header in open_bin_file ',ierr)
      |         1
Warning: Character length of actual argument shorter than of dummy argument ‘name’ (38/40) at (1)
genmap.f:3323:24:

  256 |            if (ifbswap) call byte_reverse(ncurve,1,ierr)
      |                                          2
......
 3323 |       call byte_reverse(test2,1,ierr)
      |                        1
Warning: Type mismatch between actual argument at (1) and actual argument at (2) (REAL(4)/INTEGER(4)).
genmap.f:882:18:

  882 |       len = indx1(prompt,'$',1) - 1
      |                  1
Warning: Rank mismatch in argument ‘s1’ at (1) (scalar and rank-1)
genmap.f:121:72:

  121 |      $               (cell,nv,nelt,irnk,dx,ndim,cbc,bc,nfc,w14,w5)
      |                                                                        1
Warning: Type mismatch in argument ‘iper’ at (1); passed REAL(8) to INTEGER(4)
genmap.f:126:72:

  126 |      $                                           ,w1,w2,w3,w4,w5)
      |                                                                        1
Warning: Type mismatch in argument ‘w3’ at (1); passed REAL(8) to INTEGER(4)
genmap.f:147:72:

  147 |      $                                           ,w1,w2,w3,w4,w5)
      |                                                                        1
Warning: Type mismatch in argument ‘w3’ at (1); passed REAL(8) to INTEGER(4)
genmap.f:1098:27:

 1098 |          call isort(ja(j0),ind,nj)
      |                           1
Warning: Rank mismatch in argument ‘ind’ at (1) (rank-1 and scalar)
genmap.f:3532:30:

 3532 |       call breadth_first_fill(pb,pmax)
      |                              1
Warning: Actual argument contains too few elements for dummy argument ‘p’ (1/2) at (1)
genmap.f:3926:22:

 3926 |       common /arrayi2/ jdual(32*lelm) , vdual(32*lelm)
      |                      1
Warning: Named COMMON block ‘arrayi2’ at (1) shall be of the same size as elsewhere (2600000000 vs 360000000 bytes)
genmap.f:204:21:

  204 |       common /arrayi/ i_n(lpts) , j_n(4*lpts)
      |                     1
Warning: Named COMMON block ‘arrayi’ at (1) shall be of the same size as elsewhere (2880000000 vs 960000000 bytes)
genmap.f:62:22:

   62 |       common /carrayw/ w1   (lpts) , w2   (lpts)
      |                      1
Warning: Named COMMON block ‘carrayw’ at (1) shall be of the same size as elsewhere (2560000000 vs 3200000000 bytes)
genmap.f:1953:22:

 1953 |       common /arrayi2/ face (3*lpts) , elist(lelm) , ind  (lpts)
      |                      1
Warning: Named COMMON block ‘arrayi2’ at (1) shall be of the same size as elsewhere (1320000000 vs 2600000000 bytes)
/usr/bin/gcc -c  -DUNDERSCORE -mcmodel=medium ../../core/byte.c
/usr/bin/gfortran -O2 -DMAXNEL=150000 -std=legacy -cpp -mcmodel=medium -fdefault-real-8 -fdefault-double-8 -o /scratch/gzampino/KTH_Nek5000v19b/Nek5000/bin/genmap genmap.o byte.o  
make: Leaving directory '/scratch/gzampino/KTH_Nek5000v19b/Nek5000/tools/genmap'
